#
# There is insufficient memory for the Java Runtime Environment to continue.
# Native memory allocation (malloc) failed to allocate 1372656 bytes for Chunk::new
# Possible reasons:
#   The system is out of physical RAM or swap space
#   The process is running with CompressedOops enabled, and the Java Heap may be blocking the growth of the native heap
# Possible solutions:
#   Reduce memory load on the system
#   Increase physical memory or swap space
#   Check if swap backing store is full
#   Decrease Java heap size (-Xmx/-Xms)
#   Decrease number of Java threads
#   Decrease Java thread stack sizes (-Xss)
#   Set larger code cache with -XX:ReservedCodeCacheSize=
#   JVM is running with Unscaled Compressed Oops mode in which the Java heap is
#     placed in the first 4GB address space. The Java Heap base address is the
#     maximum limit for the native heap growth. Please use -XX:HeapBaseMinAddress
#     to set the Java Heap base and to place the Java Heap above 4GB virtual address.
# This output file may be truncated or incomplete.
#
#  Out of Memory Error (allocation.cpp:389), pid=10000, tid=0x0000000000003b8c
#
# JRE version: Java(TM) SE Runtime Environment (8.0_251-b08) (build 1.8.0_251-b08)
# Java VM: Java HotSpot(TM) 64-Bit Server VM (25.251-b08 mixed mode windows-amd64 compressed oops)
# Failed to write core dump. Minidumps are not enabled by default on client versions of Windows
#

---------------  T H R E A D  ---------------

Current thread (0x00000000189bf000):  JavaThread "C2 CompilerThread0" daemon [_thread_in_native, id=15244, stack(0x0000000018e10000,0x0000000018f10000)]

Stack: [0x0000000018e10000,0x0000000018f10000]
[error occurred during error reporting (printing stack bounds), id 0xc0000005]

Native frames: (J=compiled Java code, j=interpreted, Vv=VM code, C=native code)


Current CompileTask:
C2:  15686 6715       4       org.springframework.core.ResolvableType::as (86 bytes)


---------------  P R O C E S S  ---------------

Java Threads: ( => current thread )
  0x0000000019d0c000 JavaThread "File Watcher" daemon [_thread_blocked, id=14356, stack(0x0000000021470000,0x0000000021570000)]
  0x0000000019d0a800 JavaThread "container-0" [_thread_blocked, id=12844, stack(0x0000000021f70000,0x0000000022070000)]
  0x0000000019d0f000 JavaThread "Catalina-utility-2" [_thread_blocked, id=6860, stack(0x0000000021e70000,0x0000000021f70000)]
  0x0000000019d09000 JavaThread "Catalina-utility-1" [_thread_blocked, id=4376, stack(0x0000000021d70000,0x0000000021e70000)]
  0x0000000019d0d000 JavaThread "HikariPool-1 housekeeper" daemon [_thread_blocked, id=6352, stack(0x0000000021070000,0x0000000021170000)]
  0x0000000019d0e800 JavaThread "InterruptTimer" daemon [_thread_blocked, id=6528, stack(0x0000000020d70000,0x0000000020e70000)]
  0x0000000019d0d800 JavaThread "oracle.jdbc.driver.BlockSource.ThreadedCachingBlockSource.BlockReleaser" daemon [_thread_blocked, id=14424, stack(0x0000000020620000,0x0000000020720000)]
  0x000000001a2fe000 JavaThread "Timer-0" daemon [_thread_blocked, id=15524, stack(0x000000001db00000,0x000000001dc00000)]
  0x000000001a300800 JavaThread "mysql-cj-abandoned-connection-cleanup" daemon [_thread_blocked, id=11600, stack(0x000000001a920000,0x000000001aa20000)]
  0x00000000195f6800 JavaThread "restartedMain" [_thread_in_native, id=6480, stack(0x000000001a820000,0x000000001a920000)]
  0x00000000195f3000 JavaThread "Thread-0" [_thread_blocked, id=15660, stack(0x000000001a720000,0x000000001a820000)]
  0x0000000018a60800 JavaThread "Service Thread" daemon [_thread_blocked, id=13556, stack(0x0000000019210000,0x0000000019310000)]
  0x0000000018954800 JavaThread "C1 CompilerThread3" daemon [_thread_blocked, id=6720, stack(0x0000000019110000,0x0000000019210000)]
  0x0000000018953800 JavaThread "C2 CompilerThread2" daemon [_thread_in_native, id=4032, stack(0x0000000019010000,0x0000000019110000)]
  0x00000000189c1000 JavaThread "C2 CompilerThread1" daemon [_thread_in_native, id=8684, stack(0x0000000018f10000,0x0000000019010000)]
=>0x00000000189bf000 JavaThread "C2 CompilerThread0" daemon [_thread_in_native, id=15244, stack(0x0000000018e10000,0x0000000018f10000)]
  0x00000000189bc800 JavaThread "Monitor Ctrl-Break" daemon [_thread_in_native, id=5992, stack(0x0000000018d10000,0x0000000018e10000)]
  0x0000000017c4c000 JavaThread "Attach Listener" daemon [_thread_blocked, id=11672, stack(0x0000000018410000,0x0000000018510000)]
  0x0000000017c4a800 JavaThread "Signal Dispatcher" daemon [_thread_blocked, id=7800, stack(0x0000000018310000,0x0000000018410000)]
  0x0000000017c31800 JavaThread "Finalizer" daemon [_thread_blocked, id=10876, stack(0x0000000018110000,0x0000000018210000)]
  0x0000000017c30800 JavaThread "Reference Handler" daemon [_thread_blocked, id=8860, stack(0x0000000018010000,0x0000000018110000)]
  0x000000000314b800 JavaThread "main" [_thread_blocked, id=8824, stack(0x0000000003040000,0x0000000003140000)]

Other Threads:
  0x0000000015e37800 VMThread [stack: 0x0000000017b10000,0x0000000017c10000] [id=14848]
  0x0000000018ac8000 WatcherThread [stack: 0x0000000019310000,0x0000000019410000] [id=6228]

VM state:not at safepoint (normal execution)

VM Mutex/Monitor currently owned by a thread: None

heap address: 0x00000000c1c00000, size: 996 MB, Compressed Oops mode: 32-bit
Narrow klass base: 0x0000000000000000, Narrow klass shift: 3
Compressed class space size: 1073741824 Address: 0x0000000100000000

Heap:
 PSYoungGen      total 272896K, used 221354K [0x00000000eb400000, 0x0000000100000000, 0x0000000100000000)
  eden space 261632K, 84% used [0x00000000eb400000,0x00000000f8c2a910,0x00000000fb380000)
  from space 11264K, 0% used [0x00000000fb380000,0x00000000fb380000,0x00000000fbe80000)
  to   space 15360K, 0% used [0x00000000ff100000,0x00000000ff100000,0x0000000100000000)
 ParOldGen       total 77824K, used 30532K [0x00000000c1c00000, 0x00000000c6800000, 0x00000000eb400000)
  object space 77824K, 39% used [0x00000000c1c00000,0x00000000c39d10c0,0x00000000c6800000)
 Metaspace       used 65182K, capacity 67728K, committed 67968K, reserved 1107968K
  class space    used 8827K, capacity 9311K, committed 9344K, reserved 1048576K

Card table byte_map: [0x00000000127e0000,0x00000000129e0000] byte_map_base: 0x00000000121d2000

Marking Bits: (ParMarkBitMap*) 0x000000006bdbaf90
 Begin Bits: [0x0000000013330000, 0x00000000142c0000)
 End Bits:   [0x00000000142c0000, 0x0000000015250000)

Polling page: 0x0000000001550000

CodeCache: size=245760Kb used=21556Kb max_used=21556Kb free=224203Kb
 bounds [0x0000000003420000, 0x0000000004950000, 0x0000000012420000]
 total_blobs=6671 nmethods=6082 adapters=500
 compilation: enabled

Compilation events (10 events):
Event: 15.671 Thread 0x0000000018954800 6872       3       org.springframework.util.CollectionUtils::isEmpty (19 bytes)
Event: 15.671 Thread 0x0000000018954800 nmethod 6872 0x000000000361cd10 code [0x000000000361ce80, 0x000000000361d108]
Event: 15.671 Thread 0x0000000018954800 6873       3       org.springframework.aop.framework.autoproxy.AutoProxyUtils::determineTargetClass (51 bytes)
Event: 15.672 Thread 0x0000000018954800 nmethod 6873 0x000000000374d9d0 code [0x000000000374db80, 0x000000000374e1b8]
Event: 15.672 Thread 0x0000000018954800 6874   !   3       org.springframework.context.event.EventListenerMethodProcessor::processBean (404 bytes)
Event: 15.675 Thread 0x0000000018954800 nmethod 6874 0x0000000004941d50 code [0x0000000004942440, 0x0000000004947388]
Event: 15.675 Thread 0x0000000018954800 6875       3       org.springframework.context.event.EventListenerMethodProcessor::isSpringContainerClass (30 bytes)
Event: 15.676 Thread 0x0000000018954800 nmethod 6875 0x00000000042a1bd0 code [0x00000000042a1de0, 0x00000000042a2998]
Event: 15.676 Thread 0x0000000018954800 6876       3       org.springframework.util.ClassUtils::getAllInterfacesForClassAsSet (6 bytes)
Event: 15.676 Thread 0x0000000018954800 nmethod 6876 0x00000000040e0a10 code [0x00000000040e0b80, 0x00000000040e0ce8]

GC Heap History (10 events):
Event: 5.236 GC heap before
{Heap before GC invocations=12 (full 1):
 PSYoungGen      total 196096K, used 73891K [0x00000000eb400000, 0x00000000f8000000, 0x0000000100000000)
  eden space 186368K, 34% used [0x00000000eb400000,0x00000000ef2d51c8,0x00000000f6a00000)
  from space 9728K, 98% used [0x00000000f7680000,0x00000000f7fd3ba0,0x00000000f8000000)
  to   space 11264K, 0% used [0x00000000f6a00000,0x00000000f6a00000,0x00000000f7500000)
 ParOldGen       total 30720K, used 10856K [0x00000000c1c00000, 0x00000000c3a00000, 0x00000000eb400000)
  object space 30720K, 35% used [0x00000000c1c00000,0x00000000c269a0e8,0x00000000c3a00000)
 Metaspace       used 33569K, capacity 35264K, committed 35416K, reserved 1079296K
  class space    used 4432K, capacity 4771K, committed 4864K, reserved 1048576K
Event: 5.254 GC heap after
Heap after GC invocations=12 (full 1):
 PSYoungGen      total 197632K, used 4831K [0x00000000eb400000, 0x00000000fcc00000, 0x0000000100000000)
  eden space 186368K, 0% used [0x00000000eb400000,0x00000000eb400000,0x00000000f6a00000)
  from space 11264K, 42% used [0x00000000f6a00000,0x00000000f6eb7c30,0x00000000f7500000)
  to   space 10752K, 0% used [0x00000000fc180000,0x00000000fc180000,0x00000000fcc00000)
 ParOldGen       total 30720K, used 16175K [0x00000000c1c00000, 0x00000000c3a00000, 0x00000000eb400000)
  object space 30720K, 52% used [0x00000000c1c00000,0x00000000c2bcbf50,0x00000000c3a00000)
 Metaspace       used 33569K, capacity 35264K, committed 35416K, reserved 1079296K
  class space    used 4432K, capacity 4771K, committed 4864K, reserved 1048576K
}
Event: 5.254 GC heap before
{Heap before GC invocations=13 (full 2):
 PSYoungGen      total 197632K, used 4831K [0x00000000eb400000, 0x00000000fcc00000, 0x0000000100000000)
  eden space 186368K, 0% used [0x00000000eb400000,0x00000000eb400000,0x00000000f6a00000)
  from space 11264K, 42% used [0x00000000f6a00000,0x00000000f6eb7c30,0x00000000f7500000)
  to   space 10752K, 0% used [0x00000000fc180000,0x00000000fc180000,0x00000000fcc00000)
 ParOldGen       total 30720K, used 16175K [0x00000000c1c00000, 0x00000000c3a00000, 0x00000000eb400000)
  object space 30720K, 52% used [0x00000000c1c00000,0x00000000c2bcbf50,0x00000000c3a00000)
 Metaspace       used 33569K, capacity 35264K, committed 35416K, reserved 1079296K
  class space    used 4432K, capacity 4771K, committed 4864K, reserved 1048576K
Event: 5.383 GC heap after
Heap after GC invocations=13 (full 2):
 PSYoungGen      total 197632K, used 0K [0x00000000eb400000, 0x00000000fcc00000, 0x0000000100000000)
  eden space 186368K, 0% used [0x00000000eb400000,0x00000000eb400000,0x00000000f6a00000)
  from space 11264K, 0% used [0x00000000f6a00000,0x00000000f6a00000,0x00000000f7500000)
  to   space 10752K, 0% used [0x00000000fc180000,0x00000000fc180000,0x00000000fcc00000)
 ParOldGen       total 48640K, used 14636K [0x00000000c1c00000, 0x00000000c4b80000, 0x00000000eb400000)
  object space 48640K, 30% used [0x00000000c1c00000,0x00000000c2a4b100,0x00000000c4b80000)
 Metaspace       used 33569K, capacity 35264K, committed 35416K, reserved 1079296K
  class space    used 4432K, capacity 4771K, committed 4864K, reserved 1048576K
}
Event: 6.762 GC heap before
{Heap before GC invocations=14 (full 2):
 PSYoungGen      total 197632K, used 186368K [0x00000000eb400000, 0x00000000fcc00000, 0x0000000100000000)
  eden space 186368K, 100% used [0x00000000eb400000,0x00000000f6a00000,0x00000000f6a00000)
  from space 11264K, 0% used [0x00000000f6a00000,0x00000000f6a00000,0x00000000f7500000)
  to   space 10752K, 0% used [0x00000000fc180000,0x00000000fc180000,0x00000000fcc00000)
 ParOldGen       total 48640K, used 14636K [0x00000000c1c00000, 0x00000000c4b80000, 0x00000000eb400000)
  object space 48640K, 30% used [0x00000000c1c00000,0x00000000c2a4b100,0x00000000c4b80000)
 Metaspace       used 40923K, capacity 42730K, committed 43008K, reserved 1087488K
  class space    used 5437K, capacity 5772K, committed 5888K, reserved 1048576K
Event: 6.781 GC heap after
Heap after GC invocations=14 (full 2):
 PSYoungGen      total 249856K, used 8013K [0x00000000eb400000, 0x00000000fc980000, 0x0000000100000000)
  eden space 241664K, 0% used [0x00000000eb400000,0x00000000eb400000,0x00000000fa000000)
  from space 8192K, 97% used [0x00000000fc180000,0x00000000fc9534a8,0x00000000fc980000)
  to   space 11264K, 0% used [0x00000000fb380000,0x00000000fb380000,0x00000000fbe80000)
 ParOldGen       total 48640K, used 14644K [0x00000000c1c00000, 0x00000000c4b80000, 0x00000000eb400000)
  object space 48640K, 30% used [0x00000000c1c00000,0x00000000c2a4d100,0x00000000c4b80000)
 Metaspace       used 40923K, capacity 42730K, committed 43008K, reserved 1087488K
  class space    used 5437K, capacity 5772K, committed 5888K, reserved 1048576K
}
Event: 12.212 GC heap before
{Heap before GC invocations=15 (full 2):
 PSYoungGen      total 249856K, used 173861K [0x00000000eb400000, 0x00000000fc980000, 0x0000000100000000)
  eden space 241664K, 68% used [0x00000000eb400000,0x00000000f55f6158,0x00000000fa000000)
  from space 8192K, 97% used [0x00000000fc180000,0x00000000fc9534a8,0x00000000fc980000)
  to   space 11264K, 0% used [0x00000000fb380000,0x00000000fb380000,0x00000000fbe80000)
 ParOldGen       total 48640K, used 14644K [0x00000000c1c00000, 0x00000000c4b80000, 0x00000000eb400000)
  object space 48640K, 30% used [0x00000000c1c00000,0x00000000c2a4d100,0x00000000c4b80000)
 Metaspace       used 56642K, capacity 58576K, committed 59008K, reserved 1099776K
  class space    used 7691K, capacity 8061K, committed 8064K, reserved 1048576K
Event: 12.304 GC heap after
Heap after GC invocations=15 (full 2):
 PSYoungGen      total 272896K, used 11239K [0x00000000eb400000, 0x0000000100000000, 0x0000000100000000)
  eden space 261632K, 0% used [0x00000000eb400000,0x00000000eb400000,0x00000000fb380000)
  from space 11264K, 99% used [0x00000000fb380000,0x00000000fbe79c70,0x00000000fbe80000)
  to   space 15360K, 0% used [0x00000000ff100000,0x00000000ff100000,0x0000000100000000)
 ParOldGen       total 48640K, used 22346K [0x00000000c1c00000, 0x00000000c4b80000, 0x00000000eb400000)
  object space 48640K, 45% used [0x00000000c1c00000,0x00000000c31d2ac8,0x00000000c4b80000)
 Metaspace       used 56642K, capacity 58576K, committed 59008K, reserved 1099776K
  class space    used 7691K, capacity 8061K, committed 8064K, reserved 1048576K
}
Event: 12.304 GC heap before
{Heap before GC invocations=16 (full 3):
 PSYoungGen      total 272896K, used 11239K [0x00000000eb400000, 0x0000000100000000, 0x0000000100000000)
  eden space 261632K, 0% used [0x00000000eb400000,0x00000000eb400000,0x00000000fb380000)
  from space 11264K, 99% used [0x00000000fb380000,0x00000000fbe79c70,0x00000000fbe80000)
  to   space 15360K, 0% used [0x00000000ff100000,0x00000000ff100000,0x0000000100000000)
 ParOldGen       total 48640K, used 22346K [0x00000000c1c00000, 0x00000000c4b80000, 0x00000000eb400000)
  object space 48640K, 45% used [0x00000000c1c00000,0x00000000c31d2ac8,0x00000000c4b80000)
 Metaspace       used 56642K, capacity 58576K, committed 59008K, reserved 1099776K
  class space    used 7691K, capacity 8061K, committed 8064K, reserved 1048576K
Event: 12.768 GC heap after
Heap after GC invocations=16 (full 3):
 PSYoungGen      total 272896K, used 0K [0x00000000eb400000, 0x0000000100000000, 0x0000000100000000)
  eden space 261632K, 0% used [0x00000000eb400000,0x00000000eb400000,0x00000000fb380000)
  from space 11264K, 0% used [0x00000000fb380000,0x00000000fb380000,0x00000000fbe80000)
  to   space 15360K, 0% used [0x00000000ff100000,0x00000000ff100000,0x0000000100000000)
 ParOldGen       total 77824K, used 30532K [0x00000000c1c00000, 0x00000000c6800000, 0x00000000eb400000)
  object space 77824K, 39% used [0x00000000c1c00000,0x00000000c39d10c0,0x00000000c6800000)
 Metaspace       used 56642K, capacity 58576K, committed 59008K, reserved 1099776K
  class space    used 7691K, capacity 8061K, committed 8064K, reserved 1048576K
}

Deoptimization events (10 events):
Event: 14.332 Thread 0x00000000195f6800 Uncommon trap: reason=unstable_if action=reinterpret pc=0x000000000414b37c method=org.springframework.core.annotation.TypeMappedAnnotations$IsPresent.doWithAnnotations(Ljava/lang/Object;ILjava/lang/Object;[Ljava/lang/annotation/Annotation;)Ljava/lang/Bool
Event: 15.202 Thread 0x00000000195f6800 Uncommon trap: reason=unstable_if action=reinterpret pc=0x000000000464a480 method=org.springframework.core.BridgeMethodResolver.isVisibilityBridgeMethodPair(Ljava/lang/reflect/Method;Ljava/lang/reflect/Method;)Z @ 43
Event: 15.348 Thread 0x00000000195f6800 Uncommon trap: reason=unstable_if action=reinterpret pc=0x000000000488666c method=org.springframework.core.annotation.AnnotationsScanner.processMethodAnnotations(Ljava/lang/Object;ILjava/lang/reflect/Method;Lorg/springframework/core/annotation/Annotations
Event: 15.348 Thread 0x00000000195f6800 Uncommon trap: reason=unstable_if action=reinterpret pc=0x0000000003d1ea98 method=sun.reflect.annotation.AnnotationInvocationHandler.invoke(Ljava/lang/Object;Ljava/lang/reflect/Method;[Ljava/lang/Object;)Ljava/lang/Object; @ 19
Event: 15.348 Thread 0x00000000195f6800 Uncommon trap: reason=unstable_if action=reinterpret pc=0x00000000048d6aac method=org.springframework.core.annotation.AnnotationsScanner.processMethodAnnotations(Ljava/lang/Object;ILjava/lang/reflect/Method;Lorg/springframework/core/annotation/Annotations
Event: 15.444 Thread 0x00000000195f6800 Uncommon trap: reason=unstable_if action=reinterpret pc=0x0000000003b70084 method=java.io.WinNTFileSystem.isLetter(C)Z @ 3
Event: 15.455 Thread 0x00000000195f6800 Uncommon trap: reason=unstable_if action=reinterpret pc=0x00000000048915c4 method=org.springframework.beans.factory.support.AbstractBeanFactory.isTypeMatch(Ljava/lang/String;Lorg/springframework/core/ResolvableType;Z)Z @ 34
Event: 15.483 Thread 0x00000000195f6800 Uncommon trap: reason=unstable_if action=reinterpret pc=0x000000000445a37c method=java.util.HashMap.putMapEntries(Ljava/util/Map;Z)V @ 53
Event: 15.535 Thread 0x00000000195f6800 Uncommon trap: reason=null_check action=make_not_entrant pc=0x000000000430fe08 method=java.lang.Class.privateGetMethodRecursive(Ljava/lang/String;[Ljava/lang/Class;ZLjava/lang/Class$MethodArray;)Ljava/lang/reflect/Method; @ 35
Event: 15.535 Thread 0x00000000195f6800 Uncommon trap: reason=null_check action=make_not_entrant pc=0x0000000003d0cc80 method=java.lang.Class.privateGetDeclaredConstructors(Z)[Ljava/lang/reflect/Constructor; @ 35

Classes redefined (0 events):
No events

Internal exceptions (10 events):
Event: 14.649 Thread 0x00000000195f6800 Exception <a 'java/lang/ClassNotFoundException': org/springframework/beans/factory/BeanClassLoaderAwareCustomizer> (0x00000000f4fe5e00) thrown at [C:\jenkins\workspace\8-2-build-windows-amd64-cygwin\jdk8u251\737\hotspot\src\share\vm\classfile\systemDictio
Event: 14.649 Thread 0x00000000195f6800 Exception <a 'java/lang/ClassNotFoundException': org/springframework/beans/factory/AwareCustomizer> (0x00000000f500e0b0) thrown at [C:\jenkins\workspace\8-2-build-windows-amd64-cygwin\jdk8u251\737\hotspot\src\share\vm\classfile\systemDictionary.cpp, line 
Event: 15.332 Thread 0x00000000195f6800 Exception <a 'java/security/PrivilegedActionException'> (0x00000000f6cbe3e8) thrown at [C:\jenkins\workspace\8-2-build-windows-amd64-cygwin\jdk8u251\737\hotspot\src\share\vm\prims\jvm.cpp, line 1502]
Event: 15.332 Thread 0x00000000195f6800 Exception <a 'java/security/PrivilegedActionException'> (0x00000000f6cbe7e0) thrown at [C:\jenkins\workspace\8-2-build-windows-amd64-cygwin\jdk8u251\737\hotspot\src\share\vm\prims\jvm.cpp, line 1502]
Event: 15.395 Thread 0x00000000195f6800 Exception <a 'java/net/BindException': Address already in use: JVM_Bind> (0x00000000f72ea3e8) thrown at [C:\jenkins\workspace\8-2-build-windows-amd64-cygwin\jdk8u251\737\hotspot\src\share\vm\prims\jni.cpp, line 736]
Event: 15.465 Thread 0x00000000195f6800 Exception <a 'java/lang/IncompatibleClassChangeError': Found class java.lang.Object, but interface was expected> (0x00000000f7977078) thrown at [C:\jenkins\workspace\8-2-build-windows-amd64-cygwin\jdk8u251\737\hotspot\src\share\vm\interpreter\linkResolver
Event: 15.628 Thread 0x00000000195f6800 Exception <a 'java/security/PrivilegedActionException'> (0x00000000f85b89c8) thrown at [C:\jenkins\workspace\8-2-build-windows-amd64-cygwin\jdk8u251\737\hotspot\src\share\vm\prims\jvm.cpp, line 1502]
Event: 15.628 Thread 0x00000000195f6800 Exception <a 'java/security/PrivilegedActionException'> (0x00000000f85b8dc0) thrown at [C:\jenkins\workspace\8-2-build-windows-amd64-cygwin\jdk8u251\737\hotspot\src\share\vm\prims\jvm.cpp, line 1502]
Event: 15.631 Thread 0x00000000195f6800 Exception <a 'java/security/PrivilegedActionException'> (0x00000000f8622e30) thrown at [C:\jenkins\workspace\8-2-build-windows-amd64-cygwin\jdk8u251\737\hotspot\src\share\vm\prims\jvm.cpp, line 1502]
Event: 15.631 Thread 0x00000000195f6800 Exception <a 'java/security/PrivilegedActionException'> (0x00000000f8623228) thrown at [C:\jenkins\workspace\8-2-build-windows-amd64-cygwin\jdk8u251\737\hotspot\src\share\vm\prims\jvm.cpp, line 1502]

Events (10 events):
Event: 15.662 loading class org/springframework/aop/RawTargetAccess
Event: 15.662 loading class org/springframework/aop/RawTargetAccess done
Event: 15.662 loading class org/springframework/context/event/EventListener
Event: 15.662 loading class org/springframework/context/event/EventListener done
Event: 15.663 loading class org/springframework/core/MethodIntrospector$MetadataLookup
Event: 15.663 loading class org/springframework/core/MethodIntrospector$MetadataLookup done
Event: 15.674 loading class javax/servlet/descriptor/JspConfigDescriptor
Event: 15.674 loading class javax/servlet/descriptor/JspConfigDescriptor done
Event: 15.677 loading class org/springframework/context/support/DefaultLifecycleProcessor
Event: 15.677 loading class org/springframework/context/support/DefaultLifecycleProcessor done


Dynamic libraries:
0x00007ff7029f0000 - 0x00007ff702a27000 	C:\Program Files\Java\jdk1.8.0_251\bin\java.exe
0x00007ffe398e0000 - 0x00007ffe39ad0000 	C:\Windows\SYSTEM32\ntdll.dll
0x00007ffe38860000 - 0x00007ffe38912000 	C:\Windows\System32\KERNEL32.DLL
0x00007ffe36b60000 - 0x00007ffe36e05000 	C:\Windows\System32\KERNELBASE.dll
0x00007ffe37c80000 - 0x00007ffe37d23000 	C:\Windows\System32\ADVAPI32.dll
0x00007ffe37dd0000 - 0x00007ffe37e6e000 	C:\Windows\System32\msvcrt.dll
0x00007ffe37d30000 - 0x00007ffe37dc7000 	C:\Windows\System32\sechost.dll
0x00007ffe37b60000 - 0x00007ffe37c80000 	C:\Windows\System32\RPCRT4.dll
0x00007ffe39590000 - 0x00007ffe39725000 	C:\Windows\System32\USER32.dll
0x00007ffe36a90000 - 0x00007ffe36ab1000 	C:\Windows\System32\win32u.dll
0x00007ffe39730000 - 0x00007ffe39756000 	C:\Windows\System32\GDI32.dll
0x00007ffe36e10000 - 0x00007ffe36fa6000 	C:\Windows\System32\gdi32full.dll
0x00007ffe36ac0000 - 0x00007ffe36b5e000 	C:\Windows\System32\msvcp_win.dll
0x00007ffe37800000 - 0x00007ffe378fa000 	C:\Windows\System32\ucrtbase.dll
0x00007ffe148a0000 - 0x00007ffe14b24000 	C:\Windows\WinSxS\amd64_microsoft.windows.common-controls_6595b64144ccf1df_6.0.18362.1082_none_9e8193e1e45b25c1\COMCTL32.dll
0x00007ffe38920000 - 0x00007ffe38c55000 	C:\Windows\System32\combase.dll
0x00007ffe368c0000 - 0x00007ffe36940000 	C:\Windows\System32\bcryptPrimitives.dll
0x00007ffe38e70000 - 0x00007ffe38e9e000 	C:\Windows\System32\IMM32.DLL
0x000000006d5d0000 - 0x000000006d6a2000 	C:\Program Files\Java\jdk1.8.0_251\jre\bin\msvcr100.dll
0x000000006b590000 - 0x000000006be3b000 	C:\Program Files\Java\jdk1.8.0_251\jre\bin\server\jvm.dll
0x00007ffe380e0000 - 0x00007ffe380e8000 	C:\Windows\System32\PSAPI.DLL
0x00007ffe2aad0000 - 0x00007ffe2aad9000 	C:\Windows\SYSTEM32\WSOCK32.dll
0x00007ffe397d0000 - 0x00007ffe3983f000 	C:\Windows\System32\WS2_32.dll
0x00007ffe306f0000 - 0x00007ffe306fa000 	C:\Windows\SYSTEM32\VERSION.dll
0x00007ffe2db90000 - 0x00007ffe2dbb4000 	C:\Windows\SYSTEM32\WINMM.dll
0x00007ffe2c2a0000 - 0x00007ffe2c2cd000 	C:\Windows\SYSTEM32\winmmbase.dll
0x00007ffe36870000 - 0x00007ffe368ba000 	C:\Windows\System32\cfgmgr32.dll
0x00007ffe32560000 - 0x00007ffe3256f000 	C:\Program Files\Java\jdk1.8.0_251\jre\bin\verify.dll
0x00007ffe32140000 - 0x00007ffe32169000 	C:\Program Files\Java\jdk1.8.0_251\jre\bin\java.dll
0x00007ffe176a0000 - 0x00007ffe176c3000 	C:\Program Files\Java\jdk1.8.0_251\jre\bin\instrument.dll
0x00007ffe32120000 - 0x00007ffe32136000 	C:\Program Files\Java\jdk1.8.0_251\jre\bin\zip.dll
0x00007ffe38170000 - 0x00007ffe38857000 	C:\Windows\System32\SHELL32.dll
0x00007ffe38030000 - 0x00007ffe380d9000 	C:\Windows\System32\shcore.dll
0x00007ffe36fd0000 - 0x00007ffe37750000 	C:\Windows\System32\windows.storage.dll
0x00007ffe36840000 - 0x00007ffe36863000 	C:\Windows\System32\profapi.dll
0x00007ffe367d0000 - 0x00007ffe3681a000 	C:\Windows\System32\powrprof.dll
0x00007ffe367a0000 - 0x00007ffe367b0000 	C:\Windows\System32\UMPDC.dll
0x00007ffe39840000 - 0x00007ffe39892000 	C:\Windows\System32\shlwapi.dll
0x00007ffe367b0000 - 0x00007ffe367c1000 	C:\Windows\System32\kernel.appcore.dll
0x00007ffe36fb0000 - 0x00007ffe36fc7000 	C:\Windows\System32\cryptsp.dll
0x00007ffe2ddc0000 - 0x00007ffe2ddda000 	D:\Intelliji\IntelliJ IDEA 2018.3.6\bin\breakgen64.dll
0x00007ffe2fea0000 - 0x00007ffe2feba000 	C:\Program Files\Java\jdk1.8.0_251\jre\bin\net.dll
0x00007ffe35ff0000 - 0x00007ffe36057000 	C:\Windows\system32\mswsock.dll
0x00007ffe31d30000 - 0x00007ffe31d3d000 	C:\Program Files\Java\jdk1.8.0_251\jre\bin\management.dll
0x00007ffe17fc0000 - 0x00007ffe17fd6000 	C:\Windows\system32\napinsp.dll
0x00007ffe17f70000 - 0x00007ffe17f8a000 	C:\Windows\system32\pnrpnsp.dll
0x00007ffe35d40000 - 0x00007ffe35e0b000 	C:\Windows\SYSTEM32\DNSAPI.dll
0x00007ffe38ea0000 - 0x00007ffe38ea8000 	C:\Windows\System32\NSI.dll
0x00007ffe35d00000 - 0x00007ffe35d3a000 	C:\Windows\SYSTEM32\IPHLPAPI.DLL
0x00007ffe17f10000 - 0x00007ffe17f1e000 	C:\Windows\System32\winrnr.dll
0x00007ffe2fc60000 - 0x00007ffe2fc7c000 	C:\Windows\system32\NLAapi.dll
0x00007ffe326d0000 - 0x00007ffe326e5000 	C:\Windows\system32\wshbth.dll
0x00007ffe2dbc0000 - 0x00007ffe2dbca000 	C:\Windows\System32\rasadhlp.dll
0x00007ffe2dab0000 - 0x00007ffe2db27000 	C:\Windows\System32\fwpuclnt.dll
0x00007ffe37900000 - 0x00007ffe37926000 	C:\Windows\System32\bcrypt.dll
0x00007ffe2dda0000 - 0x00007ffe2ddb2000 	C:\Program Files\Java\jdk1.8.0_251\jre\bin\nio.dll
0x00007ffe35b60000 - 0x00007ffe35b93000 	C:\Windows\system32\rsaenh.dll
0x00007ffe366c0000 - 0x00007ffe366e5000 	C:\Windows\SYSTEM32\USERENV.dll
0x00007ffe361c0000 - 0x00007ffe361cc000 	C:\Windows\SYSTEM32\CRYPTBASE.dll
0x00007ffe2e790000 - 0x00007ffe2e7a6000 	C:\Windows\SYSTEM32\dhcpcsvc6.DLL
0x00007ffe2ef50000 - 0x00007ffe2ef6c000 	C:\Windows\SYSTEM32\dhcpcsvc.DLL
0x00007ffe170e0000 - 0x00007ffe17104000 	C:\Program Files\Java\jdk1.8.0_251\jre\bin\sunec.dll

VM Arguments:
jvm_args: -Dspring.profiles.active=dev -javaagent:D:\Intelliji\IntelliJ IDEA 2018.3.6\lib\idea_rt.jar=59264:D:\Intelliji\IntelliJ IDEA 2018.3.6\bin -Dfile.encoding=UTF-8 
java_command: com.migi.toeic.ToeicApplication
java_class_path (initial): C:\Program Files\Java\jdk1.8.0_251\jre\lib\charsets.jar;C:\Program Files\Java\jdk1.8.0_251\jre\lib\deploy.jar;C:\Program Files\Java\jdk1.8.0_251\jre\lib\ext\access-bridge-64.jar;C:\Program Files\Java\jdk1.8.0_251\jre\lib\ext\cldrdata.jar;C:\Program Files\Java\jdk1.8.0_251\jre\lib\ext\dnsns.jar;C:\Program Files\Java\jdk1.8.0_251\jre\lib\ext\jaccess.jar;C:\Program Files\Java\jdk1.8.0_251\jre\lib\ext\jfxrt.jar;C:\Program Files\Java\jdk1.8.0_251\jre\lib\ext\localedata.jar;C:\Program Files\Java\jdk1.8.0_251\jre\lib\ext\nashorn.jar;C:\Program Files\Java\jdk1.8.0_251\jre\lib\ext\sunec.jar;C:\Program Files\Java\jdk1.8.0_251\jre\lib\ext\sunjce_provider.jar;C:\Program Files\Java\jdk1.8.0_251\jre\lib\ext\sunmscapi.jar;C:\Program Files\Java\jdk1.8.0_251\jre\lib\ext\sunpkcs11.jar;C:\Program Files\Java\jdk1.8.0_251\jre\lib\ext\zipfs.jar;C:\Program Files\Java\jdk1.8.0_251\jre\lib\javaws.jar;C:\Program Files\Java\jdk1.8.0_251\jre\lib\jce.jar;C:\Program Files\Java\jdk1.8.0_251\jre\lib\jfr.jar;C:\Program Files\Java\jdk1.8.0_251\jre\lib\jfxswt.jar;C:\Program Files\Java\jdk1.8.0_251\jre\lib\jsse.jar;C:\Program Files\Java\jdk1.8.0_251\jre\lib\management-agent.jar;C:\Program Files\Java\jdk1.8.0_251\jre\lib\plugin.jar;C:\Program Files\Java\jdk1.8.0_251\jre\lib\resources.jar;C:\Program Files\Java\jdk1.8.0_251\jre\lib\rt.jar;D:\DA_WEB_TOEIC\toeic_service\target\classes;D:\DA_WEB_TOEIC\teoic_lib\repo\org\springframework\boot\spring-boot-starter-web\2.2.6.RELEASE\spring-boot-starter-web-2.2.6.RELEASE.jar;D:\DA_WEB_TOEIC\teoic_lib\repo\org\springframework\boot\spring-boot-starter\2.2.6.RELEASE\spring-boot-starter-2.2.6.RELEASE.jar;D:\DA_WEB_TOEIC\teoic_lib\repo\org\springframework\boot\spring-boot-starter-logging\2.2.6.RELEASE\spring-boot-starter-logging-2.2.6.RELEASE.jar;D:\DA_WEB_TOEIC\teoic_lib\repo\ch\qos\logback\logback-classic\1.2.3\logback-classic-1.2.3.jar;D:\DA_WEB_TOEIC\teoic_lib\repo\ch\qos\logback\logback-core\1.2.3\logback-core-1.2.3.jar;D:\DA_WEB_TOEI
Launcher Type: SUN_STANDARD

Environment Variables:
PATH=D:\ORACLE\bin;C:\Program Files (x86)\Common Files\Oracle\Java\javapath;C:\Windows\system32;C:\Windows;C:\Windows\System32\Wbem;C:\Windows\System32\WindowsPowerShell\v1.0\;C:\Windows\System32\OpenSSH\;C:\Program Files\dotnet\;C:\Program Files\Java\jdk-11.0.7\bin;C:\Program Files\Microsoft SQL Server\120\Tools\Binn\;C:\Program Files\Microsoft SQL Server\Client SDK\ODBC\110\Tools\Binn\;C:\Program Files (x86)\Microsoft SQL Server\120\Tools\Binn\;C:\Program Files\Microsoft SQL Server\120\DTS\Binn\;C:\Program Files (x86)\Microsoft SQL Server\120\Tools\Binn\ManagementStudio\;C:\Program Files (x86)\Microsoft SQL Server\120\DTS\Binn\;C:\Program Files\Intel\WiFi\bin\;C:\Program Files\Common Files\Intel\WirelessCommon\;C:\Program Files\nodejs\;C:\Program Files (x86)\Microsoft SQL Server\100\Tools\Binn\;C:\Program Files (x86)\Microsoft SQL Server\100\DTS\Binn\;C:\Program Files\TortoiseGit\bin;C:\Program Files\Git\cmd;C:\Program Files\Microsoft SQL Server\130\Tools\Binn\;C:\Program Files\Microsoft SQL Server\Client SDK\ODBC\170\Tools\Binn\;C:\Users\Tung\AppData\Local\Microsoft\WindowsApps;C:\Users\Tung\AppData\Roaming\npm;D:\Intelliji\IntelliJ IDEA 2018.3.6\bin;
USERNAME=Tung
OS=Windows_NT
PROCESSOR_IDENTIFIER=Intel64 Family 6 Model 142 Stepping 10, GenuineIntel



---------------  S Y S T E M  ---------------

OS: Windows 10.0 , 64 bit Build 18362 (10.0.18362.1082)

CPU:total 8 (initial active 8) (4 cores per cpu, 2 threads per core) family 6 model 142 stepping 10, cmov, cx8, fxsr, mmx, sse, sse2, sse3, ssse3, sse4.1, sse4.2, popcnt, avx, avx2, aes, clmul, erms, 3dnowpref, lzcnt, ht, tsc, tscinvbit, bmi1, bmi2, adx

Memory: 4k page, physical 4078128k(272728k free), swap 16661040k(5524k free)

vm_info: Java HotSpot(TM) 64-Bit Server VM (25.251-b08) for windows-amd64 JRE (1.8.0_251-b08), built on Mar 12 2020 06:31:49 by "" with MS VC++ 10.0 (VS2010)

time: Tue Sep 15 14:12:05 2020
timezone: SE Asia Standard Time
elapsed time: 15 seconds (0d 0h 0m 15s)

