#
# There is insufficient memory for the Java Runtime Environment to continue.
# Native memory allocation (malloc) failed to allocate 1131776 bytes for Chunk::new
# Possible reasons:
#   The system is out of physical RAM or swap space
#   The process is running with CompressedOops enabled, and the Java Heap may be blocking the growth of the native heap
# Possible solutions:
#   Reduce memory load on the system
#   Increase physical memory or swap space
#   Check if swap backing store is full
#   Decrease Java heap size (-Xmx/-Xms)
#   Decrease number of Java threads
#   Decrease Java thread stack sizes (-Xss)
#   Set larger code cache with -XX:ReservedCodeCacheSize=
#   JVM is running with Unscaled Compressed Oops mode in which the Java heap is
#     placed in the first 4GB address space. The Java Heap base address is the
#     maximum limit for the native heap growth. Please use -XX:HeapBaseMinAddress
#     to set the Java Heap base and to place the Java Heap above 4GB virtual address.
# This output file may be truncated or incomplete.
#
#  Out of Memory Error (allocation.cpp:389), pid=6616, tid=0x0000000000002b94
#
# JRE version: Java(TM) SE Runtime Environment (8.0_251-b08) (build 1.8.0_251-b08)
# Java VM: Java HotSpot(TM) 64-Bit Server VM (25.251-b08 mixed mode windows-amd64 compressed oops)
# Failed to write core dump. Minidumps are not enabled by default on client versions of Windows
#

---------------  T H R E A D  ---------------

Current thread (0x00000000182db000):  JavaThread "C2 CompilerThread0" daemon [_thread_in_native, id=11156, stack(0x0000000018730000,0x0000000018830000)]

Stack: [0x0000000018730000,0x0000000018830000]
[error occurred during error reporting (printing stack bounds), id 0xc0000005]

Native frames: (J=compiled Java code, j=interpreted, Vv=VM code, C=native code)


Current CompileTask:
C2:  14832 6834   !   4       org.springframework.beans.factory.support.DefaultListableBeanFactory::doGetBeanNamesForType (506 bytes)


---------------  P R O C E S S  ---------------

Java Threads: ( => current thread )
  0x000000001dd8c000 JavaThread "File Watcher" daemon [_thread_blocked, id=10840, stack(0x0000000023230000,0x0000000023330000)]
  0x000000001dd8e800 JavaThread "container-0" [_thread_blocked, id=11340, stack(0x0000000022f30000,0x0000000023030000)]
  0x000000001dd8b800 JavaThread "Catalina-utility-2" [_thread_blocked, id=4036, stack(0x0000000022e30000,0x0000000022f30000)]
  0x000000001dd87000 JavaThread "Catalina-utility-1" [_thread_blocked, id=9800, stack(0x0000000022d30000,0x0000000022e30000)]
  0x000000001dd8a800 JavaThread "HikariPool-1 connection adder" daemon [_thread_blocked, id=4028, stack(0x0000000022230000,0x0000000022330000)]
  0x000000001b4fa800 JavaThread "HikariPool-1 housekeeper" daemon [_thread_blocked, id=14480, stack(0x0000000022130000,0x0000000022230000)]
  0x000000001b4fa000 JavaThread "InterruptTimer" daemon [_thread_blocked, id=13868, stack(0x0000000021e30000,0x0000000021f30000)]
  0x000000001b4f9000 JavaThread "oracle.jdbc.driver.BlockSource.ThreadedCachingBlockSource.BlockReleaser" daemon [_thread_blocked, id=14932, stack(0x0000000021d30000,0x0000000021e30000)]
  0x000000001b4f7800 JavaThread "Timer-0" daemon [_thread_blocked, id=9204, stack(0x0000000021c30000,0x0000000021d30000)]
  0x000000001b4fb800 JavaThread "JMX server connection timeout 22" daemon [_thread_blocked, id=6528, stack(0x000000001fae0000,0x000000001fbe0000)]
  0x000000001b4f7000 JavaThread "RMI Scheduler(0)" daemon [_thread_blocked, id=16040, stack(0x0000000021530000,0x0000000021630000)]
  0x000000001b4f6000 JavaThread "RMI TCP Connection(1)-192.168.1.12" daemon [_thread_in_native, id=9040, stack(0x0000000021010000,0x0000000021110000)]
  0x000000001b4fd000 JavaThread "RMI TCP Accept-0" daemon [_thread_in_native, id=9700, stack(0x000000001e7f0000,0x000000001e8f0000)]
  0x000000001b4fc000 JavaThread "mysql-cj-abandoned-connection-cleanup" daemon [_thread_blocked, id=4728, stack(0x000000001a240000,0x000000001a340000)]
  0x00000000195e5800 JavaThread "restartedMain" [_thread_in_Java, id=13980, stack(0x000000001a140000,0x000000001a240000)]
  0x0000000017593800 JavaThread "Thread-0" [_thread_blocked, id=9516, stack(0x000000001a040000,0x000000001a140000)]
  0x00000000182e1800 JavaThread "Service Thread" daemon [_thread_blocked, id=11116, stack(0x0000000018b30000,0x0000000018c30000)]
  0x0000000018276800 JavaThread "C1 CompilerThread3" daemon [_thread_blocked, id=14688, stack(0x0000000018a30000,0x0000000018b30000)]
  0x0000000018276000 JavaThread "C2 CompilerThread2" daemon [_thread_in_native, id=15328, stack(0x0000000018930000,0x0000000018a30000)]
  0x00000000182dd000 JavaThread "C2 CompilerThread1" daemon [_thread_in_native, id=9640, stack(0x0000000018830000,0x0000000018930000)]
=>0x00000000182db000 JavaThread "C2 CompilerThread0" daemon [_thread_in_native, id=11156, stack(0x0000000018730000,0x0000000018830000)]
  0x0000000018223000 JavaThread "Monitor Ctrl-Break" daemon [_thread_in_native, id=16192, stack(0x0000000018630000,0x0000000018730000)]
  0x000000001756e000 JavaThread "Attach Listener" daemon [_thread_blocked, id=9752, stack(0x0000000017d30000,0x0000000017e30000)]
  0x000000001756d800 JavaThread "Signal Dispatcher" daemon [_thread_blocked, id=3732, stack(0x0000000017c30000,0x0000000017d30000)]
  0x0000000015777800 JavaThread "Finalizer" daemon [_thread_blocked, id=13724, stack(0x0000000017a30000,0x0000000017b30000)]
  0x0000000017550800 JavaThread "Reference Handler" daemon [_thread_blocked, id=10620, stack(0x0000000017930000,0x0000000017a30000)]
  0x0000000002a9b800 JavaThread "main" [_thread_blocked, id=14516, stack(0x0000000002980000,0x0000000002a80000)]

Other Threads:
  0x0000000015767000 VMThread [stack: 0x0000000017430000,0x0000000017530000] [id=1824]
  0x00000000182e4800 WatcherThread [stack: 0x0000000018c30000,0x0000000018d30000] [id=9208]

VM state:not at safepoint (normal execution)

VM Mutex/Monitor currently owned by a thread: None

heap address: 0x00000000c1c00000, size: 996 MB, Compressed Oops mode: 32-bit
Narrow klass base: 0x0000000000000000, Narrow klass shift: 3
Compressed class space size: 1073741824 Address: 0x0000000100000000

Heap:
 PSYoungGen      total 273920K, used 256666K [0x00000000eb400000, 0x0000000100000000, 0x0000000100000000)
  eden space 263168K, 97% used [0x00000000eb400000,0x00000000faea6bc0,0x00000000fb500000)
  from space 10752K, 0% used [0x00000000fb500000,0x00000000fb500000,0x00000000fbf80000)
  to   space 15360K, 0% used [0x00000000ff100000,0x00000000ff100000,0x0000000100000000)
 ParOldGen       total 74240K, used 30067K [0x00000000c1c00000, 0x00000000c6480000, 0x00000000eb400000)
  object space 74240K, 40% used [0x00000000c1c00000,0x00000000c395cf90,0x00000000c6480000)
 Metaspace       used 67702K, capacity 70342K, committed 70656K, reserved 1110016K
  class space    used 9145K, capacity 9626K, committed 9728K, reserved 1048576K

Card table byte_map: [0x0000000012110000,0x0000000012310000] byte_map_base: 0x0000000011b02000

Marking Bits: (ParMarkBitMap*) 0x000000006bdbaf90
 Begin Bits: [0x0000000012c60000, 0x0000000013bf0000)
 End Bits:   [0x0000000013bf0000, 0x0000000014b80000)

Polling page: 0x0000000000cd0000

CodeCache: size=245760Kb used=21974Kb max_used=21974Kb free=223785Kb
 bounds [0x0000000002d50000, 0x00000000042e0000, 0x0000000011d50000]
 total_blobs=6887 nmethods=6292 adapters=506
 compilation: enabled

Compilation events (10 events):
Event: 14.803 Thread 0x0000000018276800 7024       3       springfox.documentation.schema.WildcardType$1::apply (20 bytes)
Event: 14.804 Thread 0x0000000018276800 nmethod 7024 0x00000000042d6cd0 code [0x00000000042d6f00, 0x00000000042d7d08]
Event: 14.804 Thread 0x0000000018276800 7025       3       springfox.documentation.schema.WildcardType::access$000 (5 bytes)
Event: 14.805 Thread 0x0000000018276800 nmethod 7025 0x00000000042d8590 code [0x00000000042d8700, 0x00000000042d8a70]
Event: 14.805 Thread 0x0000000018276800 7026       3       com.google.common.base.Optional::absent (4 bytes)
Event: 14.805 Thread 0x0000000018276800 nmethod 7026 0x00000000042d8b90 code [0x00000000042d8ce0, 0x00000000042d8e70]
Event: 14.805 Thread 0x0000000018276800 7027       3       com.google.common.base.Absent::withType (4 bytes)
Event: 14.805 Thread 0x0000000018276800 nmethod 7027 0x00000000042d8f10 code [0x00000000042d9060, 0x00000000042d9190]
Event: 14.805 Thread 0x0000000018276800 7028       3       com.google.common.base.Equivalence::<init> (5 bytes)
Event: 14.805 Thread 0x0000000018276800 nmethod 7028 0x00000000042d9210 code [0x00000000042d9360, 0x00000000042d9510]

GC Heap History (10 events):
Event: 6.141 GC heap before
{Heap before GC invocations=12 (full 1):
 PSYoungGen      total 196096K, used 71722K [0x00000000eb400000, 0x00000000f8080000, 0x0000000100000000)
  eden space 186368K, 33% used [0x00000000eb400000,0x00000000ef0ba960,0x00000000f6a00000)
  from space 9728K, 98% used [0x00000000f7700000,0x00000000f8050260,0x00000000f8080000)
  to   space 10752K, 0% used [0x00000000f6b80000,0x00000000f6b80000,0x00000000f7600000)
 ParOldGen       total 30208K, used 10812K [0x00000000c1c00000, 0x00000000c3980000, 0x00000000eb400000)
  object space 30208K, 35% used [0x00000000c1c00000,0x00000000c268f1e8,0x00000000c3980000)
 Metaspace       used 33562K, capacity 35272K, committed 35416K, reserved 1079296K
  class space    used 4432K, capacity 4771K, committed 4864K, reserved 1048576K
Event: 6.152 GC heap after
Heap after GC invocations=12 (full 1):
 PSYoungGen      total 198656K, used 4944K [0x00000000eb400000, 0x00000000fcc80000, 0x0000000100000000)
  eden space 187904K, 0% used [0x00000000eb400000,0x00000000eb400000,0x00000000f6b80000)
  from space 10752K, 45% used [0x00000000f6b80000,0x00000000f70543a8,0x00000000f7600000)
  to   space 10752K, 0% used [0x00000000fc200000,0x00000000fc200000,0x00000000fcc80000)
 ParOldGen       total 30208K, used 16096K [0x00000000c1c00000, 0x00000000c3980000, 0x00000000eb400000)
  object space 30208K, 53% used [0x00000000c1c00000,0x00000000c2bb8080,0x00000000c3980000)
 Metaspace       used 33562K, capacity 35272K, committed 35416K, reserved 1079296K
  class space    used 4432K, capacity 4771K, committed 4864K, reserved 1048576K
}
Event: 6.152 GC heap before
{Heap before GC invocations=13 (full 2):
 PSYoungGen      total 198656K, used 4944K [0x00000000eb400000, 0x00000000fcc80000, 0x0000000100000000)
  eden space 187904K, 0% used [0x00000000eb400000,0x00000000eb400000,0x00000000f6b80000)
  from space 10752K, 45% used [0x00000000f6b80000,0x00000000f70543a8,0x00000000f7600000)
  to   space 10752K, 0% used [0x00000000fc200000,0x00000000fc200000,0x00000000fcc80000)
 ParOldGen       total 30208K, used 16096K [0x00000000c1c00000, 0x00000000c3980000, 0x00000000eb400000)
  object space 30208K, 53% used [0x00000000c1c00000,0x00000000c2bb8080,0x00000000c3980000)
 Metaspace       used 33562K, capacity 35272K, committed 35416K, reserved 1079296K
  class space    used 4432K, capacity 4771K, committed 4864K, reserved 1048576K
Event: 6.254 GC heap after
Heap after GC invocations=13 (full 2):
 PSYoungGen      total 198656K, used 0K [0x00000000eb400000, 0x00000000fcc80000, 0x0000000100000000)
  eden space 187904K, 0% used [0x00000000eb400000,0x00000000eb400000,0x00000000f6b80000)
  from space 10752K, 0% used [0x00000000f6b80000,0x00000000f6b80000,0x00000000f7600000)
  to   space 10752K, 0% used [0x00000000fc200000,0x00000000fc200000,0x00000000fcc80000)
 ParOldGen       total 46592K, used 14701K [0x00000000c1c00000, 0x00000000c4980000, 0x00000000eb400000)
  object space 46592K, 31% used [0x00000000c1c00000,0x00000000c2a5b790,0x00000000c4980000)
 Metaspace       used 33562K, capacity 35272K, committed 35416K, reserved 1079296K
  class space    used 4432K, capacity 4771K, committed 4864K, reserved 1048576K
}
Event: 7.706 GC heap before
{Heap before GC invocations=14 (full 2):
 PSYoungGen      total 198656K, used 187904K [0x00000000eb400000, 0x00000000fcc80000, 0x0000000100000000)
  eden space 187904K, 100% used [0x00000000eb400000,0x00000000f6b80000,0x00000000f6b80000)
  from space 10752K, 0% used [0x00000000f6b80000,0x00000000f6b80000,0x00000000f7600000)
  to   space 10752K, 0% used [0x00000000fc200000,0x00000000fc200000,0x00000000fcc80000)
 ParOldGen       total 46592K, used 14701K [0x00000000c1c00000, 0x00000000c4980000, 0x00000000eb400000)
  object space 46592K, 31% used [0x00000000c1c00000,0x00000000c2a5b790,0x00000000c4980000)
 Metaspace       used 41563K, capacity 43400K, committed 43520K, reserved 1087488K
  class space    used 5528K, capacity 5867K, committed 5888K, reserved 1048576K
Event: 7.717 GC heap after
Heap after GC invocations=14 (full 2):
 PSYoungGen      total 260096K, used 7743K [0x00000000eb400000, 0x00000000fca00000, 0x0000000100000000)
  eden space 251904K, 0% used [0x00000000eb400000,0x00000000eb400000,0x00000000faa00000)
  from space 8192K, 94% used [0x00000000fc200000,0x00000000fc98ff38,0x00000000fca00000)
  to   space 10752K, 0% used [0x00000000fb500000,0x00000000fb500000,0x00000000fbf80000)
 ParOldGen       total 46592K, used 14709K [0x00000000c1c00000, 0x00000000c4980000, 0x00000000eb400000)
  object space 46592K, 31% used [0x00000000c1c00000,0x00000000c2a5d790,0x00000000c4980000)
 Metaspace       used 41563K, capacity 43400K, committed 43520K, reserved 1087488K
  class space    used 5528K, capacity 5867K, committed 5888K, reserved 1048576K
}
Event: 11.492 GC heap before
{Heap before GC invocations=15 (full 2):
 PSYoungGen      total 260096K, used 165265K [0x00000000eb400000, 0x00000000fca00000, 0x0000000100000000)
  eden space 251904K, 62% used [0x00000000eb400000,0x00000000f4dd47d0,0x00000000faa00000)
  from space 8192K, 94% used [0x00000000fc200000,0x00000000fc98ff38,0x00000000fca00000)
  to   space 10752K, 0% used [0x00000000fb500000,0x00000000fb500000,0x00000000fbf80000)
 ParOldGen       total 46592K, used 14709K [0x00000000c1c00000, 0x00000000c4980000, 0x00000000eb400000)
  object space 46592K, 31% used [0x00000000c1c00000,0x00000000c2a5d790,0x00000000c4980000)
 Metaspace       used 56725K, capacity 58768K, committed 59008K, reserved 1099776K
  class space    used 7667K, capacity 8047K, committed 8064K, reserved 1048576K
Event: 11.514 GC heap after
Heap after GC invocations=15 (full 2):
 PSYoungGen      total 273920K, used 10740K [0x00000000eb400000, 0x0000000100000000, 0x0000000100000000)
  eden space 263168K, 0% used [0x00000000eb400000,0x00000000eb400000,0x00000000fb500000)
  from space 10752K, 99% used [0x00000000fb500000,0x00000000fbf7d100,0x00000000fbf80000)
  to   space 15360K, 0% used [0x00000000ff100000,0x00000000ff100000,0x0000000100000000)
 ParOldGen       total 46592K, used 22532K [0x00000000c1c00000, 0x00000000c4980000, 0x00000000eb400000)
  object space 46592K, 48% used [0x00000000c1c00000,0x00000000c32012b0,0x00000000c4980000)
 Metaspace       used 56725K, capacity 58768K, committed 59008K, reserved 1099776K
  class space    used 7667K, capacity 8047K, committed 8064K, reserved 1048576K
}
Event: 11.514 GC heap before
{Heap before GC invocations=16 (full 3):
 PSYoungGen      total 273920K, used 10740K [0x00000000eb400000, 0x0000000100000000, 0x0000000100000000)
  eden space 263168K, 0% used [0x00000000eb400000,0x00000000eb400000,0x00000000fb500000)
  from space 10752K, 99% used [0x00000000fb500000,0x00000000fbf7d100,0x00000000fbf80000)
  to   space 15360K, 0% used [0x00000000ff100000,0x00000000ff100000,0x0000000100000000)
 ParOldGen       total 46592K, used 22532K [0x00000000c1c00000, 0x00000000c4980000, 0x00000000eb400000)
  object space 46592K, 48% used [0x00000000c1c00000,0x00000000c32012b0,0x00000000c4980000)
 Metaspace       used 56725K, capacity 58768K, committed 59008K, reserved 1099776K
  class space    used 7667K, capacity 8047K, committed 8064K, reserved 1048576K
Event: 11.885 GC heap after
Heap after GC invocations=16 (full 3):
 PSYoungGen      total 273920K, used 0K [0x00000000eb400000, 0x0000000100000000, 0x0000000100000000)
  eden space 263168K, 0% used [0x00000000eb400000,0x00000000eb400000,0x00000000fb500000)
  from space 10752K, 0% used [0x00000000fb500000,0x00000000fb500000,0x00000000fbf80000)
  to   space 15360K, 0% used [0x00000000ff100000,0x00000000ff100000,0x0000000100000000)
 ParOldGen       total 74240K, used 30067K [0x00000000c1c00000, 0x00000000c6480000, 0x00000000eb400000)
  object space 74240K, 40% used [0x00000000c1c00000,0x00000000c395cf90,0x00000000c6480000)
 Metaspace       used 56725K, capacity 58768K, committed 59008K, reserved 1099776K
  class space    used 7667K, capacity 8047K, committed 8064K, reserved 1048576K
}

Deoptimization events (10 events):
Event: 13.438 Thread 0x00000000195e5800 Uncommon trap: reason=class_check action=maybe_recompile pc=0x0000000003370728 method=org.springframework.core.annotation.AnnotationsScanner.processMethodHierarchy(Ljava/lang/Object;[ILjava/lang/Class;Lorg/springframework/core/annotation/AnnotationsProces
Event: 13.481 Thread 0x00000000195e5800 Uncommon trap: reason=unstable_if action=reinterpret pc=0x0000000003a7dc3c method=org.springframework.core.annotation.TypeMappedAnnotations$IsPresent.doWithAnnotations(Ljava/lang/Object;ILjava/lang/Object;[Ljava/lang/annotation/Annotation;)Ljava/lang/Bool
Event: 14.002 Thread 0x00000000195e5800 Uncommon trap: reason=unstable_if action=reinterpret pc=0x0000000003f88b34 method=org.springframework.core.annotation.AnnotationsScanner.processMethodAnnotations(Ljava/lang/Object;ILjava/lang/reflect/Method;Lorg/springframework/core/annotation/Annotations
Event: 14.002 Thread 0x00000000195e5800 Uncommon trap: reason=unstable_if action=reinterpret pc=0x000000000360d1d8 method=sun.reflect.annotation.AnnotationInvocationHandler.invoke(Ljava/lang/Object;Ljava/lang/reflect/Method;[Ljava/lang/Object;)Ljava/lang/Object; @ 19
Event: 14.171 Thread 0x00000000195e5800 Uncommon trap: reason=unstable_if action=reinterpret pc=0x000000000303a344 method=java.io.WinNTFileSystem.isLetter(C)Z @ 3
Event: 14.187 Thread 0x00000000195e5800 Uncommon trap: reason=unstable_if action=reinterpret pc=0x00000000041cb880 method=org.springframework.beans.factory.support.AbstractBeanFactory.isTypeMatch(Ljava/lang/String;Lorg/springframework/core/ResolvableType;Z)Z @ 34
Event: 14.240 Thread 0x00000000195e5800 Uncommon trap: reason=null_check action=make_not_entrant pc=0x0000000003eb5ce4 method=java.lang.Class.privateGetMethodRecursive(Ljava/lang/String;[Ljava/lang/Class;ZLjava/lang/Class$MethodArray;)Ljava/lang/reflect/Method; @ 35
Event: 14.240 Thread 0x00000000195e5800 Uncommon trap: reason=null_check action=make_not_entrant pc=0x0000000003fe78e8 method=java.lang.Class.privateGetMethodRecursive(Ljava/lang/String;[Ljava/lang/Class;ZLjava/lang/Class$MethodArray;)Ljava/lang/reflect/Method; @ 35
Event: 14.279 Thread 0x00000000195e5800 Uncommon trap: reason=unstable_if action=reinterpret pc=0x00000000041fd23c method=org.springframework.core.ResolvableType.resolveType()Lorg/springframework/core/ResolvableType; @ 37
Event: 14.441 Thread 0x00000000195e5800 Uncommon trap: reason=unstable_if action=reinterpret pc=0x0000000002ed3230 method=java.util.HashMap.getNode(ILjava/lang/Object;)Ljava/util/HashMap$Node; @ 84

Classes redefined (0 events):
No events

Internal exceptions (10 events):
Event: 13.681 Thread 0x00000000195e5800 Exception <a 'java/lang/ClassNotFoundException': org/springframework/beans/factory/BeanClassLoaderAwareCustomizer> (0x00000000f5b2e918) thrown at [C:\jenkins\workspace\8-2-build-windows-amd64-cygwin\jdk8u251\737\hotspot\src\share\vm\classfile\systemDictio
Event: 13.682 Thread 0x00000000195e5800 Exception <a 'java/lang/ClassNotFoundException': org/springframework/beans/factory/AwareCustomizer> (0x00000000f5b56bc8) thrown at [C:\jenkins\workspace\8-2-build-windows-amd64-cygwin\jdk8u251\737\hotspot\src\share\vm\classfile\systemDictionary.cpp, line 
Event: 13.977 Thread 0x00000000195e5800 Exception <a 'java/security/PrivilegedActionException'> (0x00000000f7896138) thrown at [C:\jenkins\workspace\8-2-build-windows-amd64-cygwin\jdk8u251\737\hotspot\src\share\vm\prims\jvm.cpp, line 1502]
Event: 13.977 Thread 0x00000000195e5800 Exception <a 'java/security/PrivilegedActionException'> (0x00000000f7896530) thrown at [C:\jenkins\workspace\8-2-build-windows-amd64-cygwin\jdk8u251\737\hotspot\src\share\vm\prims\jvm.cpp, line 1502]
Event: 14.075 Thread 0x00000000195e5800 Exception <a 'java/net/BindException': Address already in use: JVM_Bind> (0x00000000f7eda0b0) thrown at [C:\jenkins\workspace\8-2-build-windows-amd64-cygwin\jdk8u251\737\hotspot\src\share\vm\prims\jni.cpp, line 736]
Event: 14.195 Thread 0x00000000195e5800 Exception <a 'java/lang/IncompatibleClassChangeError': Found class java.lang.Object, but interface was expected> (0x00000000f858b270) thrown at [C:\jenkins\workspace\8-2-build-windows-amd64-cygwin\jdk8u251\737\hotspot\src\share\vm\interpreter\linkResolver
Event: 14.328 Thread 0x00000000195e5800 Exception <a 'java/security/PrivilegedActionException'> (0x00000000f91d66e0) thrown at [C:\jenkins\workspace\8-2-build-windows-amd64-cygwin\jdk8u251\737\hotspot\src\share\vm\prims\jvm.cpp, line 1502]
Event: 14.328 Thread 0x00000000195e5800 Exception <a 'java/security/PrivilegedActionException'> (0x00000000f91d6ad8) thrown at [C:\jenkins\workspace\8-2-build-windows-amd64-cygwin\jdk8u251\737\hotspot\src\share\vm\prims\jvm.cpp, line 1502]
Event: 14.331 Thread 0x00000000195e5800 Exception <a 'java/security/PrivilegedActionException'> (0x00000000f9241ca8) thrown at [C:\jenkins\workspace\8-2-build-windows-amd64-cygwin\jdk8u251\737\hotspot\src\share\vm\prims\jvm.cpp, line 1502]
Event: 14.331 Thread 0x00000000195e5800 Exception <a 'java/security/PrivilegedActionException'> (0x00000000f92420a0) thrown at [C:\jenkins\workspace\8-2-build-windows-amd64-cygwin\jdk8u251\737\hotspot\src\share\vm\prims\jvm.cpp, line 1502]

Events (10 events):
Event: 14.731 Thread 0x00000000195e5800 DEOPT PACKING pc=0x00000000037dac53 sp=0x000000001a23c990
Event: 14.731 Thread 0x00000000195e5800 DEOPT UNPACKING pc=0x0000000002d97890 sp=0x000000001a23c778 mode 0
Event: 14.732 loading class springfox/documentation/schema/ModelReferenceProvider
Event: 14.732 loading class springfox/documentation/schema/ModelReferenceProvider done
Event: 14.734 loading class springfox/documentation/schema/property/OptimizedModelPropertiesProvider$5
Event: 14.734 loading class springfox/documentation/schema/property/OptimizedModelPropertiesProvider$5 done
Event: 14.807 loading class springfox/documentation/schema/property/OptimizedModelPropertiesProvider$1
Event: 14.807 loading class springfox/documentation/schema/property/OptimizedModelPropertiesProvider$1 done
Event: 14.815 loading class com/google/common/collect/ImmutableSortedSet
Event: 14.815 loading class com/google/common/collect/ImmutableSortedSet done


Dynamic libraries:
0x00007ff7029f0000 - 0x00007ff702a27000 	C:\Program Files\Java\jdk1.8.0_251\bin\java.exe
0x00007ffe398e0000 - 0x00007ffe39ad0000 	C:\Windows\SYSTEM32\ntdll.dll
0x00007ffe38860000 - 0x00007ffe38912000 	C:\Windows\System32\KERNEL32.DLL
0x00007ffe36b60000 - 0x00007ffe36e05000 	C:\Windows\System32\KERNELBASE.dll
0x00007ffe37c80000 - 0x00007ffe37d23000 	C:\Windows\System32\ADVAPI32.dll
0x00007ffe37dd0000 - 0x00007ffe37e6e000 	C:\Windows\System32\msvcrt.dll
0x00007ffe37d30000 - 0x00007ffe37dc7000 	C:\Windows\System32\sechost.dll
0x00007ffe37b60000 - 0x00007ffe37c80000 	C:\Windows\System32\RPCRT4.dll
0x00007ffe39590000 - 0x00007ffe39725000 	C:\Windows\System32\USER32.dll
0x00007ffe36a90000 - 0x00007ffe36ab1000 	C:\Windows\System32\win32u.dll
0x00007ffe39730000 - 0x00007ffe39756000 	C:\Windows\System32\GDI32.dll
0x00007ffe36e10000 - 0x00007ffe36fa6000 	C:\Windows\System32\gdi32full.dll
0x00007ffe36ac0000 - 0x00007ffe36b5e000 	C:\Windows\System32\msvcp_win.dll
0x00007ffe37800000 - 0x00007ffe378fa000 	C:\Windows\System32\ucrtbase.dll
0x00007ffe148a0000 - 0x00007ffe14b24000 	C:\Windows\WinSxS\amd64_microsoft.windows.common-controls_6595b64144ccf1df_6.0.18362.1082_none_9e8193e1e45b25c1\COMCTL32.dll
0x00007ffe38920000 - 0x00007ffe38c55000 	C:\Windows\System32\combase.dll
0x00007ffe368c0000 - 0x00007ffe36940000 	C:\Windows\System32\bcryptPrimitives.dll
0x00007ffe38e70000 - 0x00007ffe38e9e000 	C:\Windows\System32\IMM32.DLL
0x000000006d5d0000 - 0x000000006d6a2000 	C:\Program Files\Java\jdk1.8.0_251\jre\bin\msvcr100.dll
0x000000006b590000 - 0x000000006be3b000 	C:\Program Files\Java\jdk1.8.0_251\jre\bin\server\jvm.dll
0x00007ffe380e0000 - 0x00007ffe380e8000 	C:\Windows\System32\PSAPI.DLL
0x00007ffe2db90000 - 0x00007ffe2dbb4000 	C:\Windows\SYSTEM32\WINMM.dll
0x00007ffe2aad0000 - 0x00007ffe2aad9000 	C:\Windows\SYSTEM32\WSOCK32.dll
0x00007ffe306f0000 - 0x00007ffe306fa000 	C:\Windows\SYSTEM32\VERSION.dll
0x00007ffe397d0000 - 0x00007ffe3983f000 	C:\Windows\System32\WS2_32.dll
0x00007ffe2c2a0000 - 0x00007ffe2c2cd000 	C:\Windows\SYSTEM32\WINMMBASE.dll
0x00007ffe36870000 - 0x00007ffe368ba000 	C:\Windows\System32\cfgmgr32.dll
0x00007ffe32560000 - 0x00007ffe3256f000 	C:\Program Files\Java\jdk1.8.0_251\jre\bin\verify.dll
0x00007ffe32140000 - 0x00007ffe32169000 	C:\Program Files\Java\jdk1.8.0_251\jre\bin\java.dll
0x00007ffe176a0000 - 0x00007ffe176c3000 	C:\Program Files\Java\jdk1.8.0_251\jre\bin\instrument.dll
0x00007ffe32120000 - 0x00007ffe32136000 	C:\Program Files\Java\jdk1.8.0_251\jre\bin\zip.dll
0x00007ffe38170000 - 0x00007ffe38857000 	C:\Windows\System32\SHELL32.dll
0x00007ffe38030000 - 0x00007ffe380d9000 	C:\Windows\System32\shcore.dll
0x00007ffe36fd0000 - 0x00007ffe37750000 	C:\Windows\System32\windows.storage.dll
0x00007ffe36840000 - 0x00007ffe36863000 	C:\Windows\System32\profapi.dll
0x00007ffe367d0000 - 0x00007ffe3681a000 	C:\Windows\System32\powrprof.dll
0x00007ffe367a0000 - 0x00007ffe367b0000 	C:\Windows\System32\UMPDC.dll
0x00007ffe39840000 - 0x00007ffe39892000 	C:\Windows\System32\shlwapi.dll
0x00007ffe367b0000 - 0x00007ffe367c1000 	C:\Windows\System32\kernel.appcore.dll
0x00007ffe36fb0000 - 0x00007ffe36fc7000 	C:\Windows\System32\cryptsp.dll
0x00007ffe2ddc0000 - 0x00007ffe2ddda000 	D:\Intelliji\IntelliJ IDEA 2018.3.6\bin\breakgen64.dll
0x00007ffe2fea0000 - 0x00007ffe2feba000 	C:\Program Files\Java\jdk1.8.0_251\jre\bin\net.dll
0x00007ffe35ff0000 - 0x00007ffe36057000 	C:\Windows\system32\mswsock.dll
0x00007ffe31d30000 - 0x00007ffe31d3d000 	C:\Program Files\Java\jdk1.8.0_251\jre\bin\management.dll
0x00007ffe17fc0000 - 0x00007ffe17fd6000 	C:\Windows\system32\napinsp.dll
0x00007ffe17f70000 - 0x00007ffe17f8a000 	C:\Windows\system32\pnrpnsp.dll
0x00007ffe35d40000 - 0x00007ffe35e0b000 	C:\Windows\SYSTEM32\DNSAPI.dll
0x00007ffe38ea0000 - 0x00007ffe38ea8000 	C:\Windows\System32\NSI.dll
0x00007ffe35d00000 - 0x00007ffe35d3a000 	C:\Windows\SYSTEM32\IPHLPAPI.DLL
0x00007ffe17f10000 - 0x00007ffe17f1e000 	C:\Windows\System32\winrnr.dll
0x00007ffe2fc60000 - 0x00007ffe2fc7c000 	C:\Windows\system32\NLAapi.dll
0x00007ffe326d0000 - 0x00007ffe326e5000 	C:\Windows\system32\wshbth.dll
0x00007ffe2dbc0000 - 0x00007ffe2dbca000 	C:\Windows\System32\rasadhlp.dll
0x00007ffe2dab0000 - 0x00007ffe2db27000 	C:\Windows\System32\fwpuclnt.dll
0x00007ffe37900000 - 0x00007ffe37926000 	C:\Windows\System32\bcrypt.dll
0x00007ffe2dda0000 - 0x00007ffe2ddb2000 	C:\Program Files\Java\jdk1.8.0_251\jre\bin\nio.dll
0x00007ffe35b60000 - 0x00007ffe35b93000 	C:\Windows\system32\rsaenh.dll
0x00007ffe366c0000 - 0x00007ffe366e5000 	C:\Windows\SYSTEM32\USERENV.dll
0x00007ffe361c0000 - 0x00007ffe361cc000 	C:\Windows\SYSTEM32\CRYPTBASE.dll
0x00007ffe2e790000 - 0x00007ffe2e7a6000 	C:\Windows\SYSTEM32\dhcpcsvc6.DLL
0x00007ffe2ef50000 - 0x00007ffe2ef6c000 	C:\Windows\SYSTEM32\dhcpcsvc.DLL
0x00007ffe170e0000 - 0x00007ffe17104000 	C:\Program Files\Java\jdk1.8.0_251\jre\bin\sunec.dll

VM Arguments:
jvm_args: -Dspring.profiles.active=dev -javaagent:D:\Intelliji\IntelliJ IDEA 2018.3.6\lib\idea_rt.jar=60535:D:\Intelliji\IntelliJ IDEA 2018.3.6\bin -Dfile.encoding=UTF-8 
java_command: com.migi.toeic.ToeicApplication
java_class_path (initial): C:\Program Files\Java\jdk1.8.0_251\jre\lib\charsets.jar;C:\Program Files\Java\jdk1.8.0_251\jre\lib\deploy.jar;C:\Program Files\Java\jdk1.8.0_251\jre\lib\ext\access-bridge-64.jar;C:\Program Files\Java\jdk1.8.0_251\jre\lib\ext\cldrdata.jar;C:\Program Files\Java\jdk1.8.0_251\jre\lib\ext\dnsns.jar;C:\Program Files\Java\jdk1.8.0_251\jre\lib\ext\jaccess.jar;C:\Program Files\Java\jdk1.8.0_251\jre\lib\ext\jfxrt.jar;C:\Program Files\Java\jdk1.8.0_251\jre\lib\ext\localedata.jar;C:\Program Files\Java\jdk1.8.0_251\jre\lib\ext\nashorn.jar;C:\Program Files\Java\jdk1.8.0_251\jre\lib\ext\sunec.jar;C:\Program Files\Java\jdk1.8.0_251\jre\lib\ext\sunjce_provider.jar;C:\Program Files\Java\jdk1.8.0_251\jre\lib\ext\sunmscapi.jar;C:\Program Files\Java\jdk1.8.0_251\jre\lib\ext\sunpkcs11.jar;C:\Program Files\Java\jdk1.8.0_251\jre\lib\ext\zipfs.jar;C:\Program Files\Java\jdk1.8.0_251\jre\lib\javaws.jar;C:\Program Files\Java\jdk1.8.0_251\jre\lib\jce.jar;C:\Program Files\Java\jdk1.8.0_251\jre\lib\jfr.jar;C:\Program Files\Java\jdk1.8.0_251\jre\lib\jfxswt.jar;C:\Program Files\Java\jdk1.8.0_251\jre\lib\jsse.jar;C:\Program Files\Java\jdk1.8.0_251\jre\lib\management-agent.jar;C:\Program Files\Java\jdk1.8.0_251\jre\lib\plugin.jar;C:\Program Files\Java\jdk1.8.0_251\jre\lib\resources.jar;C:\Program Files\Java\jdk1.8.0_251\jre\lib\rt.jar;D:\DA_WEB_TOEIC\toeic_service\target\classes;D:\DA_WEB_TOEIC\teoic_lib\repo\org\springframework\boot\spring-boot-starter-web\2.2.6.RELEASE\spring-boot-starter-web-2.2.6.RELEASE.jar;D:\DA_WEB_TOEIC\teoic_lib\repo\org\springframework\boot\spring-boot-starter\2.2.6.RELEASE\spring-boot-starter-2.2.6.RELEASE.jar;D:\DA_WEB_TOEIC\teoic_lib\repo\org\springframework\boot\spring-boot-starter-logging\2.2.6.RELEASE\spring-boot-starter-logging-2.2.6.RELEASE.jar;D:\DA_WEB_TOEIC\teoic_lib\repo\ch\qos\logback\logback-classic\1.2.3\logback-classic-1.2.3.jar;D:\DA_WEB_TOEIC\teoic_lib\repo\ch\qos\logback\logback-core\1.2.3\logback-core-1.2.3.jar;D:\DA_WEB_TOEI
Launcher Type: SUN_STANDARD

Environment Variables:
PATH=D:\ORACLE\bin;C:\Program Files (x86)\Common Files\Oracle\Java\javapath;C:\Windows\system32;C:\Windows;C:\Windows\System32\Wbem;C:\Windows\System32\WindowsPowerShell\v1.0\;C:\Windows\System32\OpenSSH\;C:\Program Files\dotnet\;C:\Program Files\Java\jdk-11.0.7\bin;C:\Program Files\Microsoft SQL Server\120\Tools\Binn\;C:\Program Files\Microsoft SQL Server\Client SDK\ODBC\110\Tools\Binn\;C:\Program Files (x86)\Microsoft SQL Server\120\Tools\Binn\;C:\Program Files\Microsoft SQL Server\120\DTS\Binn\;C:\Program Files (x86)\Microsoft SQL Server\120\Tools\Binn\ManagementStudio\;C:\Program Files (x86)\Microsoft SQL Server\120\DTS\Binn\;C:\Program Files\Intel\WiFi\bin\;C:\Program Files\Common Files\Intel\WirelessCommon\;C:\Program Files\nodejs\;C:\Program Files (x86)\Microsoft SQL Server\100\Tools\Binn\;C:\Program Files (x86)\Microsoft SQL Server\100\DTS\Binn\;C:\Program Files\TortoiseGit\bin;C:\Program Files\Git\cmd;C:\Program Files\Microsoft SQL Server\130\Tools\Binn\;C:\Program Files\Microsoft SQL Server\Client SDK\ODBC\170\Tools\Binn\;C:\Users\Tung\AppData\Local\Microsoft\WindowsApps;C:\Users\Tung\AppData\Roaming\npm;D:\Intelliji\IntelliJ IDEA 2018.3.6\bin;
USERNAME=Tung
OS=Windows_NT
PROCESSOR_IDENTIFIER=Intel64 Family 6 Model 142 Stepping 10, GenuineIntel



---------------  S Y S T E M  ---------------

OS: Windows 10.0 , 64 bit Build 18362 (10.0.18362.1082)

CPU:total 8 (initial active 8) (4 cores per cpu, 2 threads per core) family 6 model 142 stepping 10, cmov, cx8, fxsr, mmx, sse, sse2, sse3, ssse3, sse4.1, sse4.2, popcnt, avx, avx2, aes, clmul, erms, 3dnowpref, lzcnt, ht, tsc, tscinvbit, bmi1, bmi2, adx

Memory: 4k page, physical 4078128k(196296k free), swap 16661040k(7048k free)

vm_info: Java HotSpot(TM) 64-Bit Server VM (25.251-b08) for windows-amd64 JRE (1.8.0_251-b08), built on Mar 12 2020 06:31:49 by "" with MS VC++ 10.0 (VS2010)

time: Tue Sep 15 14:00:22 2020
timezone: SE Asia Standard Time
elapsed time: 14 seconds (0d 0h 0m 14s)

